> Total time: 0.239569 s
--------------------------------------------------------------------------------------
| FILE                : FUNCTION                    : LINE   : TIME   : %     : #    |
--------------------------------------------------------------------------------------
| ...cker/start/nvim-t: get_capture_matches         :   169  : 0.2380 : 99.4  :    1 |
| ...cker/start/nvim-t: get_at_path                 :   113  : 0.1482 : 61.9  : 1002 |
| vim/shared          : split                       :   110  : 0.1225 : 51.1  : 1002 |
| ...cker/start/nvim-t: (for generator)             :   131  : 0.0820 : 34.2  : 1003 |
| vim/shared          : gsplit                      :    63  : 0.0709 : 29.6  : 1002 |
| vim/shared          : validate                    :   544  : 0.0630 : 26.3  : 1002 |
| vim/shared          : is_valid                    :   502  : 0.0565 : 23.6  : 1002 |
| /usr/share/nvim/runt: matches                     :   408  : 0.0354 : 14.8  : 1003 |
| ...cker/start/nvim-t: split                       :   106  : 0.0249 : 10.4  : 1002 |
| vim/shared          : _is_type                    :   498  : 0.0187 : 7.8   : 3006 |
| vim/shared          : (for generator)             :    69  : 0.0097 : 4.1   : 2004 |
| /usr/share/nvim/runt: match_preds                 :   287  : 0.0066 : 2.7   : 1002 |
| /usr/share/nvim/runt: apply_directives            :   326  : 0.0065 : 2.7   : 1002 |
| ...cker/start/nvim-t: insert_to_path              :   115  : 0.0042 : 1.8   : 1002 |
| vim/shared          : (for generator)             :    81  : 0.0031 : 1.3   : 3006 |
| ...cker/start/nvim-t: iter_group_results          :   104  : 0.0001 : 0.0   :    1 |
--------------------------------------------------------------------------------------
| /usr/share/nvim/runt: iter_matches                :   400  : ~      : ~     :    1 |
| /usr/share/nvim/runt: get_parser                  :    75  : ~      : ~     :    1 |
| ...er/start/nvim-tre: has_parser                  :   496  : ~      : ~     :    1 |
| ...cker/start/nvim-t: get_query                   :    67  : ~      : ~     :    1 |
| ...er/start/nvim-tre: get_buf_lang                :   453  : ~      : ~     :    1 |
| /usr/share/nvim/runt: value_or_node_range         :   347  : ~      : ~     :    1 |
| /usr/share/nvim/runt: register_cbs                :   424  : ~      : ~     :    1 |
| /usr/share/nvim/runt: parse                       :    94  : ~      : ~     :    1 |
| .../site/pack/packer: stop                        :   225  : ~      : ~     :    1 |
| /usr/share/nvim/runt: new_match_metadata          :    76  : ~      : ~     : 1003 |
| ...er/start/nvim-tre: get_parser                  :   505  : ~      : ~     :    1 |
| ...er/start/nvim-tre: get_buf_lang                :   523  : ~      : ~     :    1 |
| ...cker/start/nvim-t: iter_group_results          :   223  : ~      : ~     :    1 |
--------------------------------------------------------------------------------------
